2022-11-25 22:35:00,539 [1] DEBUG Reading CSV file from : D:\Test\csv\dataset\order_01.csv
2022-11-25 22:35:00,553 [1] DEBUG Total Order detail(s) count: 5 from file: D:\Test\csv\dataset\order_01.csv
2022-11-25 22:35:00,553 [1] DEBUG Processing Business Rule(s)..........
2022-11-25 22:35:00,553 [1] DEBUG Total Order(s) : 5
2022-11-25 22:35:00,554 [1] DEBUG Product: Intelligent Copper Knife , Average Order: 2.4
2022-11-25 22:35:00,554 [1] DEBUG Product: Small Granite Shoes , Average Order: 0.8
2022-11-25 22:35:00,554 [1] DEBUG Generating CSV file : D:\Test\csv\dataset\0_order_01.csv ..........
2022-11-25 22:35:00,589 [1] DEBUG Popular Product: Intelligent Copper Knife , Brand: Intelligent Copper Knife
2022-11-25 22:35:00,589 [1] DEBUG Popular Product: Small Granite Shoes , Brand: Small Granite Shoes
2022-11-25 22:35:00,589 [1] DEBUG Generating CSV file : D:\Test\csv\dataset\1_order_01.csv ..........
2022-11-25 22:35:00,591 [1] DEBUG Tool process completed successfully.
2022-11-25 22:35:29,342 [1] DEBUG Reading CSV file from : D:\Test\csv\order_00.csv
2022-11-25 22:35:29,342 [1] DEBUG Total Order detail(s) count: 4 from file: D:\Test\csv\order_00.csv
2022-11-25 22:35:29,342 [1] DEBUG Processing Business Rule(s)..........
2022-11-25 22:35:29,342 [1] DEBUG Total Order(s) : 4
2022-11-25 22:35:29,342 [1] DEBUG Product: shoes , Average Order: 2
2022-11-25 22:35:29,342 [1] DEBUG Product: forks , Average Order: 0.75
2022-11-25 22:35:29,342 [1] DEBUG Generating CSV file : D:\Test\csv\0_order_00.csv ..........
2022-11-25 22:35:29,344 [1] DEBUG Popular Product: shoes , Brand: shoes
2022-11-25 22:35:29,344 [1] DEBUG Popular Product: forks , Brand: forks
2022-11-25 22:35:29,344 [1] DEBUG Generating CSV file : D:\Test\csv\1_order_00.csv ..........
2022-11-25 22:35:29,345 [1] DEBUG Tool process completed successfully.
